\BOOKMARK [0][-]{chapter.1}{Introduction}{}% 1
\BOOKMARK [0][-]{chapter.2}{Monetary Policy and Interest Rates}{}% 2
\BOOKMARK [1][-]{section.2.1}{Excess Sensitivity Puzzle}{chapter.2}% 3
\BOOKMARK [1][-]{section.2.2}{Existing Research}{chapter.2}% 4
\BOOKMARK [1][-]{section.2.3}{New Insights Through Narratives}{chapter.2}% 5
\BOOKMARK [0][-]{chapter.3}{Narratives and Decision Making}{}% 6
\BOOKMARK [1][-]{section.3.1}{What Narratives Are}{chapter.3}% 7
\BOOKMARK [2][-]{subsection.3.1.1}{McAdams Research on Narratives}{section.3.1}% 8
\BOOKMARK [2][-]{subsection.3.1.2}{Social Psychology Background}{section.3.1}% 9
\BOOKMARK [1][-]{section.3.2}{How Narratives can help}{chapter.3}% 10
\BOOKMARK [2][-]{subsection.3.2.1}{Bayesian Brain and Predictive Coding}{section.3.2}% 11
\BOOKMARK [2][-]{subsection.3.2.2}{Influence and Change on Human Beings}{section.3.2}% 12
\BOOKMARK [1][-]{section.3.3}{Narrative Research}{chapter.3}% 13
\BOOKMARK [0][-]{chapter.4}{Natural Language Processing}{}% 14
\BOOKMARK [1][-]{section.4.1}{Methods in Natural Language Processing}{chapter.4}% 15
\BOOKMARK [2][-]{subsection.4.1.1}{Sensitivity Analysis}{section.4.1}% 16
\BOOKMARK [2][-]{subsection.4.1.2}{Topic Modeling}{section.4.1}% 17
\BOOKMARK [0][-]{chapter.5}{Data and Methodology}{}% 18
\BOOKMARK [0][-]{chapter.6}{Results}{}% 19
\BOOKMARK [0][-]{chapter.7}{Conclusion}{}% 20
\BOOKMARK [0][-]{section*.5}{Bibliography}{}% 21
\BOOKMARK [0][-]{appendix.A}{Whatever may come...}{}% 22
\BOOKMARK [1][-]{section.A.1}{For Example... }{appendix.A}% 23
\BOOKMARK [0][-]{appendix.B}{Whatever may come...}{}% 24
\BOOKMARK [1][-]{section.B.1}{For Example... }{appendix.B}% 25
